{"/Volumes/Cloud/DEV/svg-to-img/src/constants.ts": {"path":"/Volumes/Cloud/DEV/svg-to-img/src/constants.ts","statementMap":{"0":{"start":{"line":3,"column":13},"end":{"line":9,"column":2}},"1":{"start":{"line":11,"column":13},"end":{"line":15,"column":2}},"2":{"start":{"line":17,"column":13},"end":{"line":19,"column":2}},"3":{"start":{"line":21,"column":13},"end":{"line":23,"column":2}}},"fnMap":{},"branchMap":{},"s":{"0":1,"1":1,"2":1,"3":1},"f":{},"b":{}}
,"/Volumes/Cloud/DEV/svg-to-img/src/helpers.ts": {"path":"/Volumes/Cloud/DEV/svg-to-img/src/helpers.ts","statementMap":{"0":{"start":{"line":1,"column":13},"end":{"line":3,"column":2}},"1":{"start":{"line":2,"column":2},"end":{"line":2,"column":92}},"2":{"start":{"line":5,"column":13},"end":{"line":23,"column":2}},"3":{"start":{"line":6,"column":2},"end":{"line":22,"column":5}},"4":{"start":{"line":7,"column":16},"end":{"line":7,"column":27}},"5":{"start":{"line":8,"column":17},"end":{"line":8,"column":72}},"6":{"start":{"line":10,"column":4},"end":{"line":15,"column":7}},"7":{"start":{"line":11,"column":6},"end":{"line":14,"column":9}},"8":{"start":{"line":17,"column":4},"end":{"line":19,"column":7}},"9":{"start":{"line":18,"column":6},"end":{"line":18,"column":41}},"10":{"start":{"line":21,"column":4},"end":{"line":21,"column":40}},"11":{"start":{"line":25,"column":13},"end":{"line":59,"column":2}},"12":{"start":{"line":26,"column":2},"end":{"line":58,"column":5}},"13":{"start":{"line":27,"column":20},"end":{"line":27,"column":49}},"14":{"start":{"line":29,"column":4},"end":{"line":29,"column":31}},"15":{"start":{"line":31,"column":16},"end":{"line":31,"column":44}},"16":{"start":{"line":34,"column":4},"end":{"line":34,"column":25}},"17":{"start":{"line":37,"column":4},"end":{"line":37,"column":52}},"18":{"start":{"line":39,"column":16},"end":{"line":39,"column":27}},"19":{"start":{"line":40,"column":17},"end":{"line":40,"column":86}},"20":{"start":{"line":42,"column":4},"end":{"line":42,"column":28}},"21":{"start":{"line":43,"column":4},"end":{"line":43,"column":30}},"22":{"start":{"line":44,"column":4},"end":{"line":44,"column":40}},"23":{"start":{"line":46,"column":4},"end":{"line":51,"column":7}},"24":{"start":{"line":47,"column":6},"end":{"line":50,"column":9}},"25":{"start":{"line":53,"column":4},"end":{"line":55,"column":7}},"26":{"start":{"line":54,"column":6},"end":{"line":54,"column":41}},"27":{"start":{"line":57,"column":4},"end":{"line":57,"column":35}},"28":{"start":{"line":61,"column":13},"end":{"line":80,"column":2}},"29":{"start":{"line":63,"column":25},"end":{"line":63,"column":75}},"30":{"start":{"line":64,"column":44},"end":{"line":64,"column":46}},"31":{"start":{"line":66,"column":2},"end":{"line":77,"column":3}},"32":{"start":{"line":67,"column":4},"end":{"line":76,"column":5}},"33":{"start":{"line":69,"column":8},"end":{"line":69,"column":40}},"34":{"start":{"line":70,"column":8},"end":{"line":70,"column":14}},"35":{"start":{"line":72,"column":8},"end":{"line":72,"column":44}},"36":{"start":{"line":73,"column":8},"end":{"line":73,"column":14}},"37":{"start":{"line":75,"column":8},"end":{"line":75,"column":28}},"38":{"start":{"line":79,"column":2},"end":{"line":79,"column":50}},"39":{"start":{"line":82,"column":13},"end":{"line":90,"column":2}},"40":{"start":{"line":83,"column":34},"end":{"line":83,"column":81}},"41":{"start":{"line":85,"column":2},"end":{"line":89,"column":3}},"42":{"start":{"line":86,"column":4},"end":{"line":88,"column":5}},"43":{"start":{"line":87,"column":6},"end":{"line":87,"column":50}}},"fnMap":{"0":{"name":"(anonymous_0)","decl":{"start":{"line":1,"column":35},"end":{"line":1,"column":36}},"loc":{"start":{"line":1,"column":52},"end":{"line":3,"column":1}}},"1":{"name":"(anonymous_1)","decl":{"start":{"line":5,"column":39},"end":{"line":5,"column":43}},"loc":{"start":{"line":5,"column":61},"end":{"line":23,"column":1}}},"2":{"name":"(anonymous_2)","decl":{"start":{"line":6,"column":21},"end":{"line":6,"column":22}},"loc":{"start":{"line":6,"column":41},"end":{"line":22,"column":3}}},"3":{"name":"(anonymous_3)","decl":{"start":{"line":10,"column":33},"end":{"line":10,"column":35}},"loc":{"start":{"line":10,"column":38},"end":{"line":15,"column":5}}},"4":{"name":"(anonymous_4)","decl":{"start":{"line":17,"column":34},"end":{"line":17,"column":36}},"loc":{"start":{"line":17,"column":39},"end":{"line":19,"column":5}}},"5":{"name":"(anonymous_5)","decl":{"start":{"line":25,"column":30},"end":{"line":25,"column":34}},"loc":{"start":{"line":25,"column":86},"end":{"line":59,"column":1}}},"6":{"name":"(anonymous_6)","decl":{"start":{"line":26,"column":21},"end":{"line":26,"column":22}},"loc":{"start":{"line":26,"column":41},"end":{"line":58,"column":3}}},"7":{"name":"(anonymous_7)","decl":{"start":{"line":46,"column":33},"end":{"line":46,"column":35}},"loc":{"start":{"line":46,"column":38},"end":{"line":51,"column":5}}},"8":{"name":"(anonymous_8)","decl":{"start":{"line":53,"column":34},"end":{"line":53,"column":36}},"loc":{"start":{"line":53,"column":39},"end":{"line":55,"column":5}}},"9":{"name":"(anonymous_9)","decl":{"start":{"line":61,"column":33},"end":{"line":61,"column":34}},"loc":{"start":{"line":61,"column":68},"end":{"line":80,"column":1}}},"10":{"name":"(anonymous_10)","decl":{"start":{"line":82,"column":24},"end":{"line":82,"column":25}},"loc":{"start":{"line":82,"column":81},"end":{"line":90,"column":1}}}},"branchMap":{"0":{"loc":{"start":{"line":34,"column":4},"end":{"line":34,"column":25}},"type":"if","locations":[{"start":{"line":34,"column":4},"end":{"line":34,"column":25}}]},"1":{"loc":{"start":{"line":68,"column":6},"end":{"line":70,"column":14}},"type":"switch","locations":[{"start":{"line":68,"column":6},"end":{"line":70,"column":14}},{"start":{"line":71,"column":6},"end":{"line":73,"column":14}},{"start":{"line":74,"column":6},"end":{"line":75,"column":28}}]}},"s":{"0":2,"1":3,"2":2,"3":1,"4":1,"5":1,"6":1,"7":1,"8":1,"9":1,"10":1,"11":2,"12":1,"13":1,"14":1,"15":1,"16":1,"17":1,"18":1,"19":1,"20":1,"21":1,"22":1,"23":1,"24":1,"25":1,"26":1,"27":1,"28":2,"29":46,"30":46,"31":46,"32":95,"33":46,"34":46,"35":20,"36":20,"37":29,"38":46,"39":2,"40":1,"41":1,"42":1,"43":1},"f":{"0":3,"1":1,"2":1,"3":1,"4":1,"5":1,"6":1,"7":1,"8":1,"9":46,"10":1},"b":{"0":[1],"1":[46,20,29]}}
,"/Volumes/Cloud/DEV/svg-to-img/src/index.ts": {"path":"/Volumes/Cloud/DEV/svg-to-img/src/index.ts","statementMap":{"0":{"start":{"line":1,"column":0},"end":{"line":1,"column":38}},"1":{"start":{"line":3,"column":0},"end":{"line":3,"column":109}},"2":{"start":{"line":4,"column":0},"end":{"line":4,"column":117}},"3":{"start":{"line":10,"column":19},"end":{"line":14,"column":1}},"4":{"start":{"line":11,"column":2},"end":{"line":11,"column":42}},"5":{"start":{"line":13,"column":2},"end":{"line":13,"column":106}},"6":{"start":{"line":16,"column":38},"end":{"line":25,"column":1}},"7":{"start":{"line":17,"column":2},"end":{"line":17,"column":42}},"8":{"start":{"line":18,"column":2},"end":{"line":24,"column":11}},"9":{"start":{"line":27,"column":19},"end":{"line":90,"column":1}},"10":{"start":{"line":28,"column":14},"end":{"line":28,"column":90}},"11":{"start":{"line":29,"column":25},"end":{"line":29,"column":59}},"12":{"start":{"line":30,"column":18},"end":{"line":30,"column":36}},"13":{"start":{"line":31,"column":15},"end":{"line":31,"column":38}},"14":{"start":{"line":34,"column":2},"end":{"line":34,"column":34}},"15":{"start":{"line":37,"column":2},"end":{"line":42,"column":3}},"16":{"start":{"line":38,"column":33},"end":{"line":38,"column":101}},"17":{"start":{"line":40,"column":4},"end":{"line":40,"column":57}},"18":{"start":{"line":41,"column":4},"end":{"line":41,"column":59}},"19":{"start":{"line":44,"column":31},"end":{"line":44,"column":141}},"20":{"start":{"line":47,"column":2},"end":{"line":47,"column":101}},"21":{"start":{"line":50,"column":2},"end":{"line":56,"column":3}},"22":{"start":{"line":51,"column":21},"end":{"line":51,"column":64}},"23":{"start":{"line":53,"column":4},"end":{"line":55,"column":5}},"24":{"start":{"line":54,"column":6},"end":{"line":54,"column":69}},"25":{"start":{"line":59,"column":2},"end":{"line":61,"column":3}},"26":{"start":{"line":60,"column":4},"end":{"line":60,"column":37}},"27":{"start":{"line":63,"column":2},"end":{"line":66,"column":6}},"28":{"start":{"line":68,"column":2},"end":{"line":72,"column":3}},"29":{"start":{"line":69,"column":4},"end":{"line":71,"column":8}},"30":{"start":{"line":74,"column":2},"end":{"line":78,"column":3}},"31":{"start":{"line":75,"column":4},"end":{"line":77,"column":8}},"32":{"start":{"line":80,"column":21},"end":{"line":80,"column":61}},"33":{"start":{"line":82,"column":2},"end":{"line":82,"column":15}},"34":{"start":{"line":83,"column":2},"end":{"line":83,"column":34}},"35":{"start":{"line":85,"column":2},"end":{"line":87,"column":3}},"36":{"start":{"line":86,"column":4},"end":{"line":86,"column":59}},"37":{"start":{"line":89,"column":2},"end":{"line":89,"column":20}},"38":{"start":{"line":92,"column":11},"end":{"line":96,"column":1}},"39":{"start":{"line":93,"column":2},"end":{"line":95,"column":4}},"40":{"start":{"line":94,"column":4},"end":{"line":94,"column":36}},"41":{"start":{"line":98,"column":14},"end":{"line":102,"column":1}},"42":{"start":{"line":99,"column":2},"end":{"line":101,"column":4}},"43":{"start":{"line":100,"column":4},"end":{"line":100,"column":72}},"44":{"start":{"line":104,"column":15},"end":{"line":108,"column":1}},"45":{"start":{"line":105,"column":2},"end":{"line":107,"column":4}},"46":{"start":{"line":106,"column":4},"end":{"line":106,"column":73}},"47":{"start":{"line":110,"column":13},"end":{"line":116,"column":2}},"48":{"start":{"line":111,"column":2},"end":{"line":115,"column":4}}},"fnMap":{"0":{"name":"(anonymous_0)","decl":{"start":{"line":10,"column":19},"end":{"line":10,"column":23}},"loc":{"start":{"line":10,"column":30},"end":{"line":14,"column":1}}},"1":{"name":"(anonymous_1)","decl":{"start":{"line":16,"column":38},"end":{"line":16,"column":40}},"loc":{"start":{"line":16,"column":43},"end":{"line":25,"column":1}}},"2":{"name":"(anonymous_2)","decl":{"start":{"line":18,"column":41},"end":{"line":18,"column":43}},"loc":{"start":{"line":18,"column":46},"end":{"line":24,"column":3}}},"3":{"name":"(anonymous_3)","decl":{"start":{"line":27,"column":19},"end":{"line":27,"column":23}},"loc":{"start":{"line":27,"column":96},"end":{"line":90,"column":1}}},"4":{"name":"(anonymous_4)","decl":{"start":{"line":92,"column":11},"end":{"line":92,"column":12}},"loc":{"start":{"line":92,"column":34},"end":{"line":96,"column":1}}},"5":{"name":"(anonymous_5)","decl":{"start":{"line":93,"column":9},"end":{"line":93,"column":13}},"loc":{"start":{"line":93,"column":61},"end":{"line":95,"column":3}}},"6":{"name":"(anonymous_6)","decl":{"start":{"line":98,"column":14},"end":{"line":98,"column":15}},"loc":{"start":{"line":98,"column":37},"end":{"line":102,"column":1}}},"7":{"name":"(anonymous_7)","decl":{"start":{"line":99,"column":9},"end":{"line":99,"column":13}},"loc":{"start":{"line":99,"column":74},"end":{"line":101,"column":3}}},"8":{"name":"(anonymous_8)","decl":{"start":{"line":104,"column":15},"end":{"line":104,"column":16}},"loc":{"start":{"line":104,"column":38},"end":{"line":108,"column":1}}},"9":{"name":"(anonymous_9)","decl":{"start":{"line":105,"column":9},"end":{"line":105,"column":13}},"loc":{"start":{"line":105,"column":75},"end":{"line":107,"column":3}}},"10":{"name":"(anonymous_10)","decl":{"start":{"line":110,"column":20},"end":{"line":110,"column":21}},"loc":{"start":{"line":110,"column":43},"end":{"line":116,"column":1}}}},"branchMap":{"0":{"loc":{"start":{"line":13,"column":46},"end":{"line":13,"column":61}},"type":"cond-expr","locations":[{"start":{"line":13,"column":46},"end":{"line":13,"column":61}},{"start":{"line":13,"column":64},"end":{"line":13,"column":104}}]},"1":{"loc":{"start":{"line":28,"column":43},"end":{"line":28,"column":79}},"type":"cond-expr","locations":[{"start":{"line":28,"column":43},"end":{"line":28,"column":79}},{"start":{"line":28,"column":82},"end":{"line":28,"column":90}}]},"2":{"loc":{"start":{"line":37,"column":2},"end":{"line":42,"column":3}},"type":"if","locations":[{"start":{"line":37,"column":2},"end":{"line":42,"column":3}},{"start":{"line":37,"column":2},"end":{"line":42,"column":3}}]},"3":{"loc":{"start":{"line":37,"column":6},"end":{"line":37,"column":30}},"type":"binary-expr","locations":[{"start":{"line":37,"column":6},"end":{"line":37,"column":30}},{"start":{"line":37,"column":34},"end":{"line":37,"column":59}}]},"4":{"loc":{"start":{"line":50,"column":2},"end":{"line":56,"column":3}},"type":"if","locations":[{"start":{"line":50,"column":2},"end":{"line":56,"column":3}},{"start":{"line":50,"column":2},"end":{"line":56,"column":3}}]},"5":{"loc":{"start":{"line":50,"column":6},"end":{"line":50,"column":19}},"type":"binary-expr","locations":[{"start":{"line":50,"column":6},"end":{"line":50,"column":19}},{"start":{"line":50,"column":23},"end":{"line":50,"column":45}}]},"6":{"loc":{"start":{"line":53,"column":4},"end":{"line":55,"column":5}},"type":"if","locations":[{"start":{"line":53,"column":4},"end":{"line":55,"column":5}},{"start":{"line":53,"column":4},"end":{"line":55,"column":5}}]},"7":{"loc":{"start":{"line":59,"column":2},"end":{"line":61,"column":3}},"type":"if","locations":[{"start":{"line":59,"column":2},"end":{"line":61,"column":3}},{"start":{"line":59,"column":2},"end":{"line":61,"column":3}}]},"8":{"loc":{"start":{"line":68,"column":2},"end":{"line":72,"column":3}},"type":"if","locations":[{"start":{"line":68,"column":2},"end":{"line":72,"column":3}},{"start":{"line":68,"column":2},"end":{"line":72,"column":3}}]},"9":{"loc":{"start":{"line":74,"column":2},"end":{"line":78,"column":3}},"type":"if","locations":[{"start":{"line":74,"column":2},"end":{"line":78,"column":3}},{"start":{"line":74,"column":2},"end":{"line":78,"column":3}}]},"10":{"loc":{"start":{"line":85,"column":2},"end":{"line":87,"column":3}},"type":"if","locations":[{"start":{"line":85,"column":2},"end":{"line":87,"column":3}},{"start":{"line":85,"column":2},"end":{"line":87,"column":3}}]}},"s":{"0":1,"1":1,"2":1,"3":1,"4":15,"5":15,"6":1,"7":14,"8":14,"9":1,"10":15,"11":15,"12":15,"13":15,"14":15,"15":15,"16":12,"17":11,"18":11,"19":14,"20":14,"21":14,"22":2,"23":2,"24":1,"25":14,"26":10,"27":14,"28":14,"29":4,"30":14,"31":1,"32":14,"33":14,"34":14,"35":14,"36":1,"37":13,"38":1,"39":15,"40":12,"41":1,"42":15,"43":1,"44":1,"45":15,"46":2,"47":1,"48":15},"f":{"0":15,"1":14,"2":1,"3":15,"4":15,"5":12,"6":15,"7":1,"8":15,"9":2,"10":15},"b":{"0":[14,1],"1":[10,5],"2":[12,3],"3":[15,12],"4":[2,12],"5":[14,8],"6":[1,1],"7":[10,4],"8":[4,10],"9":[1,13],"10":[1,13]}}
}
