TN:
SF:/Volumes/Cloud/DEV/svg-to-img/src/constants.ts
FNF:0
FNH:0
DA:3,1
DA:11,1
DA:17,1
DA:21,1
LF:4
LH:4
BRF:0
BRH:0
end_of_record
TN:
SF:/Volumes/Cloud/DEV/svg-to-img/src/helpers.ts
FN:1,(anonymous_0)
FN:5,(anonymous_1)
FN:6,(anonymous_2)
FN:10,(anonymous_3)
FN:17,(anonymous_4)
FN:25,(anonymous_5)
FN:26,(anonymous_6)
FN:46,(anonymous_7)
FN:53,(anonymous_8)
FN:61,(anonymous_9)
FN:82,(anonymous_10)
FNF:11
FNH:11
FNDA:3,(anonymous_0)
FNDA:1,(anonymous_1)
FNDA:1,(anonymous_2)
FNDA:1,(anonymous_3)
FNDA:1,(anonymous_4)
FNDA:1,(anonymous_5)
FNDA:1,(anonymous_6)
FNDA:1,(anonymous_7)
FNDA:1,(anonymous_8)
FNDA:46,(anonymous_9)
FNDA:1,(anonymous_10)
DA:1,2
DA:2,3
DA:5,2
DA:6,1
DA:7,1
DA:8,1
DA:10,1
DA:11,1
DA:17,1
DA:18,1
DA:21,1
DA:25,2
DA:26,1
DA:27,1
DA:29,1
DA:31,1
DA:34,1
DA:37,1
DA:39,1
DA:40,1
DA:42,1
DA:43,1
DA:44,1
DA:46,1
DA:47,1
DA:53,1
DA:54,1
DA:57,1
DA:61,2
DA:63,46
DA:64,46
DA:66,46
DA:67,95
DA:69,46
DA:70,46
DA:72,20
DA:73,20
DA:75,29
DA:79,46
DA:82,2
DA:83,1
DA:85,1
DA:86,1
DA:87,1
LF:44
LH:44
BRDA:34,0,0,1
BRDA:68,1,0,46
BRDA:68,1,1,20
BRDA:68,1,2,29
BRF:4
BRH:4
end_of_record
TN:
SF:/Volumes/Cloud/DEV/svg-to-img/src/index.ts
FN:10,(anonymous_0)
FN:16,(anonymous_1)
FN:18,(anonymous_2)
FN:27,(anonymous_3)
FN:92,(anonymous_4)
FN:93,(anonymous_5)
FN:98,(anonymous_6)
FN:99,(anonymous_7)
FN:104,(anonymous_8)
FN:105,(anonymous_9)
FN:110,(anonymous_10)
FNF:11
FNH:11
FNDA:15,(anonymous_0)
FNDA:14,(anonymous_1)
FNDA:1,(anonymous_2)
FNDA:15,(anonymous_3)
FNDA:15,(anonymous_4)
FNDA:12,(anonymous_5)
FNDA:15,(anonymous_6)
FNDA:1,(anonymous_7)
FNDA:15,(anonymous_8)
FNDA:2,(anonymous_9)
FNDA:15,(anonymous_10)
DA:1,1
DA:3,1
DA:4,1
DA:10,1
DA:11,15
DA:13,15
DA:16,1
DA:17,14
DA:18,14
DA:27,1
DA:28,15
DA:29,15
DA:30,15
DA:31,15
DA:34,15
DA:37,15
DA:38,12
DA:40,11
DA:41,11
DA:44,14
DA:47,14
DA:50,14
DA:51,2
DA:53,2
DA:54,1
DA:59,14
DA:60,10
DA:63,14
DA:68,14
DA:69,4
DA:74,14
DA:75,1
DA:80,14
DA:82,14
DA:83,14
DA:85,14
DA:86,1
DA:89,13
DA:92,1
DA:93,15
DA:94,12
DA:98,1
DA:99,15
DA:100,1
DA:104,1
DA:105,15
DA:106,2
DA:110,1
DA:111,15
LF:49
LH:49
BRDA:13,0,0,14
BRDA:13,0,1,1
BRDA:28,1,0,10
BRDA:28,1,1,5
BRDA:37,2,0,12
BRDA:37,2,1,3
BRDA:37,3,0,15
BRDA:37,3,1,12
BRDA:50,4,0,2
BRDA:50,4,1,12
BRDA:50,5,0,14
BRDA:50,5,1,8
BRDA:53,6,0,1
BRDA:53,6,1,1
BRDA:59,7,0,10
BRDA:59,7,1,4
BRDA:68,8,0,4
BRDA:68,8,1,10
BRDA:74,9,0,1
BRDA:74,9,1,13
BRDA:85,10,0,1
BRDA:85,10,1,13
BRF:22
BRH:22
end_of_record
